[2022-05-18 18:46:00,538: INFO: stage_00_template]: 
********************
[2022-05-18 18:46:00,538: INFO: stage_00_template]: >>>>> stage STAGE_NAME started <<<<<
[2022-05-18 18:46:00,545: INFO: common]: yaml file: configs/config.yaml loaded successfully
[2022-05-18 18:46:00,545: INFO: common]: yaml file: params.yaml loaded successfully
[2022-05-18 18:46:00,546: INFO: stage_00_template]: >>>>> stage STAGE_NAME completed!<<<<<

[2022-05-19 07:14:50,508: INFO: stage_01_get_data]: 
********************
[2022-05-19 07:14:50,508: INFO: stage_01_get_data]: >>>>> stage GET_DATA started <<<<<
[2022-05-19 07:14:50,509: INFO: common]: yaml file: configs/config.yaml loaded successfully
[2022-05-19 07:14:50,510: INFO: common]: yaml file: params.yaml loaded successfully
[2022-05-19 07:14:50,510: INFO: stage_01_get_data]: >>>>> stage GET_DATA completed!<<<<<

[2022-05-19 07:16:04,890: INFO: stage_01_get_data]: 
********************
[2022-05-19 07:16:04,890: INFO: stage_01_get_data]: >>>>> stage GET_DATA started <<<<<
[2022-05-19 07:16:04,892: INFO: common]: yaml file: configs/config.yaml loaded successfully
[2022-05-19 07:16:04,895: INFO: common]: yaml file: params.yaml loaded successfully
[2022-05-19 07:16:04,896: INFO: stage_01_get_data]: >>>>> stage GET_DATA completed!<<<<<

[2022-05-19 07:28:27,443: INFO: stage_01_get_data]: 
********************
[2022-05-19 07:28:27,443: INFO: stage_01_get_data]: >>>>> stage GET_DATA started <<<<<
[2022-05-19 07:28:27,444: INFO: common]: yaml file: configs/config.yaml loaded successfully
[2022-05-19 07:28:27,445: INFO: common]: created directory at: data
[2022-05-19 07:33:45,276: INFO: stage_01_get_data]: filename: data\data.zip created with info Content-Type: application/octet-stream
Accept-Ranges: bytes
Server: Windows-Azure-Blob/1.0 Microsoft-HTTPAPI/2.0
x-ms-blob-content-md5: 4TekUHNw2UJGm20meiTqBA==
Last-Modified: Mon, 09 May 2022 20:42:07 GMT
ETag: "0x8DA31FC621E01C4"
Content-Length: 824887076
Date: Thu, 19 May 2022 05:28:28 GMT
Connection: close


[2022-05-19 07:33:45,277: INFO: common]: yaml file: params.yaml loaded successfully
[2022-05-19 07:33:45,277: INFO: stage_01_get_data]: >>>>> stage GET_DATA completed!<<<<<

[2022-05-19 07:36:17,218: INFO: stage_01_get_data]: 
********************
[2022-05-19 07:36:17,219: INFO: stage_01_get_data]: >>>>> stage GET_DATA started <<<<<
[2022-05-19 07:36:17,219: ERROR: stage_01_get_data]: main() missing 1 required positional argument: 'params_path'
Traceback (most recent call last):
  File "src/stage_01_get_data.py", line 47, in <module>
    main(config_path=parsed_args.config)
TypeError: main() missing 1 required positional argument: 'params_path'
[2022-05-19 07:36:43,554: INFO: stage_01_get_data]: 
********************
[2022-05-19 07:36:43,555: INFO: stage_01_get_data]: >>>>> stage GET_DATA started <<<<<
[2022-05-19 07:36:43,556: INFO: common]: yaml file: configs/config.yaml loaded successfully
[2022-05-19 07:36:43,556: INFO: common]: created directory at: data
[2022-05-19 07:36:43,556: INFO: stage_01_get_data]: Downloading started.....
[2022-05-19 07:36:43,556: ERROR: stage_01_get_data]: local variable 'filename' referenced before assignment
Traceback (most recent call last):
  File "src/stage_01_get_data.py", line 47, in <module>
    main(config_path=parsed_args.config)
  File "src/stage_01_get_data.py", line 33, in main
    logging.info(f"filename: {filename} already present")
UnboundLocalError: local variable 'filename' referenced before assignment
[2022-05-19 07:38:06,108: INFO: stage_01_get_data]: 
********************
[2022-05-19 07:38:06,108: INFO: stage_01_get_data]: >>>>> stage GET_DATA started <<<<<
[2022-05-19 07:38:06,109: INFO: common]: yaml file: configs/config.yaml loaded successfully
[2022-05-19 07:38:06,109: INFO: common]: created directory at: data
[2022-05-19 07:38:06,109: INFO: stage_01_get_data]: Downloading started.....
[2022-05-19 07:38:06,110: INFO: stage_01_get_data]: filename: data.zip already present
[2022-05-19 07:38:06,110: INFO: stage_01_get_data]: >>>>> stage GET_DATA completed!<<<<<

[2022-05-19 07:39:42,217: INFO: stage_01_get_data]: 
********************
[2022-05-19 07:39:42,218: INFO: stage_01_get_data]: >>>>> stage GET_DATA started <<<<<
[2022-05-19 07:39:42,219: INFO: common]: yaml file: configs/config.yaml loaded successfully
[2022-05-19 07:39:42,220: INFO: common]: created directory at: data
[2022-05-19 07:39:42,220: INFO: stage_01_get_data]: Downloading started.....
[2022-05-19 07:45:06,801: INFO: stage_01_get_data]: filename: data\data.zip created with info Content-Type: application/octet-stream
Accept-Ranges: bytes
Server: Windows-Azure-Blob/1.0 Microsoft-HTTPAPI/2.0
x-ms-blob-content-md5: 4TekUHNw2UJGm20meiTqBA==
Last-Modified: Mon, 09 May 2022 20:42:07 GMT
ETag: "0x8DA31FC621E01C4"
Content-Length: 824887076
Date: Thu, 19 May 2022 05:39:43 GMT
Connection: close


[2022-05-19 07:45:06,801: INFO: stage_01_get_data]: >>>>> stage GET_DATA completed!<<<<<

[2022-05-19 08:00:49,951: INFO: stage_01_get_data]: 
********************
[2022-05-19 08:00:49,951: INFO: stage_01_get_data]: >>>>> stage GET_DATA started <<<<<
[2022-05-19 08:00:49,955: INFO: common]: yaml file: configs/config.yaml loaded successfully
[2022-05-19 08:00:49,960: INFO: common]: created directory at: data
[2022-05-19 08:00:49,960: INFO: stage_01_get_data]: filename: data.zip already present
[2022-05-19 08:00:49,960: INFO: stage_01_get_data]: >>>>> stage GET_DATA completed!<<<<<

[2022-05-19 08:01:35,139: INFO: stage_01_get_data]: 
********************
[2022-05-19 08:01:35,139: INFO: stage_01_get_data]: >>>>> stage GET_DATA started <<<<<
[2022-05-19 08:01:35,140: INFO: common]: yaml file: configs/config.yaml loaded successfully
[2022-05-19 08:01:35,141: INFO: common]: created directory at: data
[2022-05-19 08:01:35,141: INFO: stage_01_get_data]: filename: data.zip already present
[2022-05-19 08:01:35,141: INFO: stage_01_get_data]: >>>>> stage GET_DATA completed!<<<<<

[2022-05-19 08:02:22,018: INFO: stage_01_get_data]: 
********************
[2022-05-19 08:02:22,018: INFO: stage_01_get_data]: >>>>> stage GET_DATA started <<<<<
[2022-05-19 08:02:22,021: INFO: common]: yaml file: configs/config.yaml loaded successfully
[2022-05-19 08:02:22,021: INFO: common]: created directory at: data
[2022-05-19 08:02:22,022: INFO: stage_01_get_data]: filename: data.zip already present
[2022-05-19 08:02:22,022: INFO: stage_01_get_data]: >>>>> stage GET_DATA completed!<<<<<

[2022-05-19 08:03:23,132: INFO: stage_01_get_data]: 
********************
[2022-05-19 08:03:23,133: INFO: stage_01_get_data]: >>>>> stage GET_DATA started <<<<<
[2022-05-19 08:03:23,134: INFO: common]: yaml file: configs/config.yaml loaded successfully
[2022-05-19 08:03:23,134: INFO: common]: created directory at: data
[2022-05-19 08:03:23,135: INFO: stage_01_get_data]: filename: data.zip already present
[2022-05-19 08:03:23,135: INFO: stage_01_get_data]: >>>>> stage GET_DATA completed!<<<<<

[2022-05-19 08:05:43,000: INFO: stage_01_get_data]: 
********************
[2022-05-19 08:05:43,000: INFO: stage_01_get_data]: >>>>> stage GET_DATA started <<<<<
[2022-05-19 08:05:43,001: INFO: common]: yaml file: configs/config.yaml loaded successfully
[2022-05-19 08:05:43,001: INFO: common]: created directory at: data
[2022-05-19 08:05:43,003: INFO: stage_01_get_data]: filename: data.zip already present
[2022-05-19 08:05:43,003: INFO: stage_01_get_data]: >>>>> stage GET_DATA completed!<<<<<

[2022-05-19 08:51:58,764: INFO: stage_01_get_data]: 
********************
[2022-05-19 08:51:58,764: INFO: stage_01_get_data]: >>>>> stage GET_DATA started <<<<<
[2022-05-19 08:51:58,766: INFO: common]: yaml file: configs/config.yaml loaded successfully
[2022-05-19 08:51:58,766: INFO: common]: created directory at: data
[2022-05-19 08:51:58,766: INFO: stage_01_get_data]: filename: data.zip already present
[2022-05-19 08:51:58,766: ERROR: stage_01_get_data]: 'data'
Traceback (most recent call last):
  File "src/stage_01_get_data.py", line 56, in <module>
    main(config_path=parsed_args.config)
  File "src/stage_01_get_data.py", line 41, in main
    unzip_data_dir=config["data"]["unzip_data_dir"]
KeyError: 'data'
[2022-05-19 08:56:56,878: INFO: stage_01_get_data]: 
********************
[2022-05-19 08:56:56,878: INFO: stage_01_get_data]: >>>>> stage GET_DATA started <<<<<
[2022-05-19 08:56:56,879: INFO: common]: yaml file: configs/config.yaml loaded successfully
[2022-05-19 08:56:56,879: INFO: common]: created directory at: data
[2022-05-19 08:56:56,880: INFO: stage_01_get_data]: filename: data.zip already present
[2022-05-19 08:56:56,880: ERROR: stage_01_get_data]: 'data'
Traceback (most recent call last):
  File "src/stage_01_get_data.py", line 56, in <module>
    main(config_path=parsed_args.config)
  File "src/stage_01_get_data.py", line 41, in main
    unzip_data_dir=config["data"]["unzip_data_dir"]
KeyError: 'data'
[2022-05-19 09:01:58,155: INFO: stage_01_get_data]: 
********************
[2022-05-19 09:01:58,156: INFO: stage_01_get_data]: >>>>> stage GET_DATA started <<<<<
[2022-05-19 09:01:58,157: INFO: common]: yaml file: configs/config.yaml loaded successfully
[2022-05-19 09:01:58,157: INFO: common]: created directory at: data
[2022-05-19 09:01:58,157: INFO: stage_01_get_data]: filename: data.zip already present
[2022-05-19 09:01:58,158: ERROR: stage_01_get_data]: 'unzip_data_dir'
Traceback (most recent call last):
  File "src/stage_01_get_data.py", line 56, in <module>
    main(config_path=parsed_args.config)
  File "src/stage_01_get_data.py", line 41, in main
    unzip_data_dir=config["URL"]["unzip_data_dir"]
KeyError: 'unzip_data_dir'
[2022-05-19 09:03:03,511: INFO: stage_01_get_data]: 
********************
[2022-05-19 09:03:03,511: INFO: stage_01_get_data]: >>>>> stage GET_DATA started <<<<<
[2022-05-19 09:03:03,513: INFO: common]: yaml file: configs/config.yaml loaded successfully
[2022-05-19 09:03:03,514: INFO: common]: created directory at: data
[2022-05-19 09:03:03,514: INFO: stage_01_get_data]: filename: data.zip already present
[2022-05-19 09:03:03,514: ERROR: stage_01_get_data]: 'unzip_data_dir'
Traceback (most recent call last):
  File "src/stage_01_get_data.py", line 56, in <module>
    main(config_path=parsed_args.config)
  File "src/stage_01_get_data.py", line 41, in main
    unzip_data_dir=config["URL"]["unzip_data_dir"]
KeyError: 'unzip_data_dir'
[2022-05-19 09:05:21,423: INFO: stage_01_get_data]: 
********************
[2022-05-19 09:05:21,423: INFO: stage_01_get_data]: >>>>> stage GET_DATA started <<<<<
[2022-05-19 09:05:21,424: INFO: common]: yaml file: configs/config.yaml loaded successfully
[2022-05-19 09:05:21,424: ERROR: stage_01_get_data]: 'data'
Traceback (most recent call last):
  File "src/stage_01_get_data.py", line 56, in <module>
    main(config_path=parsed_args.config)
  File "src/stage_01_get_data.py", line 24, in main
    URL=config["data"]["source_url"]
KeyError: 'data'
[2022-05-19 09:05:52,472: INFO: stage_01_get_data]: 
********************
[2022-05-19 09:05:52,472: INFO: stage_01_get_data]: >>>>> stage GET_DATA started <<<<<
[2022-05-19 09:05:52,474: INFO: common]: yaml file: configs/config.yaml loaded successfully
[2022-05-19 09:05:52,474: INFO: common]: created directory at: data
[2022-05-19 09:05:52,474: INFO: stage_01_get_data]: filename: data.zip already present
[2022-05-19 09:05:52,474: ERROR: stage_01_get_data]: 'URL'
Traceback (most recent call last):
  File "src/stage_01_get_data.py", line 56, in <module>
    main(config_path=parsed_args.config)
  File "src/stage_01_get_data.py", line 41, in main
    unzip_data_dir=config["URL"]["unzip_data_dir"]
KeyError: 'URL'
[2022-05-19 09:06:18,221: INFO: stage_01_get_data]: 
********************
[2022-05-19 09:06:18,221: INFO: stage_01_get_data]: >>>>> stage GET_DATA started <<<<<
[2022-05-19 09:06:18,222: INFO: common]: yaml file: configs/config.yaml loaded successfully
[2022-05-19 09:06:18,222: INFO: common]: created directory at: data
[2022-05-19 09:06:18,223: INFO: stage_01_get_data]: filename: data.zip already present
[2022-05-19 09:06:18,223: INFO: common]: created directory at: data
[2022-05-19 09:06:18,224: INFO: common]: Extraction Started .......
[2022-05-19 09:07:34,143: INFO: common]: Extracted data\data.zip to data
[2022-05-19 09:07:34,155: INFO: stage_01_get_data]: >>>>> stage GET_DATA completed!<<<<<

